<?xml version="1.0" encoding="UTF-8"?>
<!-- Generated by org.testng.reporters.JUnitReportReporter -->
<testsuite skipped="0" hostname="DESKTOP-2MOEP7I" name="com.guru99project.testCases.TC_AddCustomerTest_003" tests="1" failures="0" timestamp="2020-08-17T15:00:57 EDT" time="8.362" errors="0">
  <testcase name="addNewCustomer" time="8.362" classname="com.guru99project.testCases.TC_AddCustomerTest_003"/>
  <system-out/>
</testsuite> <!-- com.guru99project.testCases.TC_AddCustomerTest_003 -->
