<?xml version="1.0" encoding="UTF-8"?>
<!-- Generated by org.testng.reporters.JUnitReportReporter -->
<testsuite skipped="0" hostname="DESKTOP-2MOEP7I" name="com.guru99project.testCases.TC_LoginTest_001" tests="1" failures="0" timestamp="2020-08-17T15:00:57 EDT" time="0.869" errors="0">
  <testcase name="loginTest" time="0.869" classname="com.guru99project.testCases.TC_LoginTest_001"/>
  <system-out/>
</testsuite> <!-- com.guru99project.testCases.TC_LoginTest_001 -->
